2025-10-12 00:33:15,559 [Worker-0: Loading available Gradle versions] INFO  o.e.b.c.i.u.g.PublishedGradleVersions - Gradle version information cache is not available. Remote download required.
2025-10-17 11:12:12,067 [Worker-5: Loading available Gradle versions] INFO  o.e.b.c.i.u.g.PublishedGradleVersions - Gradle version information cache is up-to-date. Trying to read.
2025-10-17 11:32:09,302 [Worker-5: Loading available Gradle versions] INFO  o.e.b.c.i.u.g.PublishedGradleVersions - Gradle version information cache is up-to-date. Trying to read.
2025-10-17 11:32:22,739 [Worker-35: Update Maven projects configuration] INFO  o.e.m.c.i.p.ProjectConfigurationManager - Update started
2025-10-17 11:32:24,941 [Worker-35: Update Maven projects configuration] INFO  o.e.m.c.i.l.LifecycleMappingFactory - Using org.eclipse.m2e.jdt.JarLifecycleMapping lifecycle mapping for MavenProject: com.klu:hospital:0.0.1-SNAPSHOT @ C:\Users\gyasu\Desktop\ex br\hospital-backend\pom.xml.
2025-10-17 11:32:28,405 [Worker-35: Update Maven projects configuration] INFO  o.e.m.j.i.AbstractJavaProjectConfigurator - Adding source folder /hospital-backend/src/main/java
2025-10-17 11:32:28,407 [Worker-35: Update Maven projects configuration] INFO  o.e.m.j.i.AbstractJavaProjectConfigurator - Adding resource folder /hospital-backend/src/main/resources
2025-10-17 11:32:28,423 [Worker-35: Update Maven projects configuration] INFO  o.e.m.j.i.AbstractJavaProjectConfigurator - Adding resource folder /hospital-backend/src/main/resources
2025-10-17 11:32:28,447 [Worker-35: Update Maven projects configuration] INFO  o.e.m.j.i.AbstractJavaProjectConfigurator - Adding source folder /hospital-backend/src/test/java
2025-10-17 11:32:28,452 [Worker-35: Update Maven projects configuration] INFO  o.e.m.j.i.AbstractJavaProjectConfigurator - Adding resource folder /hospital-backend/src/test/resources
2025-10-17 11:32:30,904 [Worker-35: Update Maven projects configuration] INFO  o.e.m.c.i.p.ProjectConfigurationManager - Update completed for 1 poms: local refresh takes 0.00 sec, refresh facades takes 4.00 sec, update config takes 3.00 sec 
2025-10-17 11:32:32,028 [Worker-15: Building] INFO  o.a.m.s.f.DefaultMavenResourcesFiltering - Copying 1 resource from src\main\resources to target\classes
2025-10-17 11:32:32,078 [Worker-15: Building] INFO  o.a.m.s.f.DefaultMavenResourcesFiltering - Copying 0 resource from src\main\resources to target\classes
2025-10-17 11:32:32,090 [Worker-15: Building] INFO  o.a.m.s.f.DefaultMavenResourcesFiltering - skip non existing resourceDirectory C:\Users\gyasu\Desktop\ex br\hospital-backend\src\test\resources
2025-10-17 11:37:18,712 [Worker-31: Launching hospital-backend - HospitalApplication] INFO  o.a.m.s.f.DefaultMavenResourcesFiltering - Copying 1 resource from src\main\resources to target\classes
2025-10-17 11:37:18,723 [Worker-31: Launching hospital-backend - HospitalApplication] INFO  o.a.m.s.f.DefaultMavenResourcesFiltering - Copying 0 resource from src\main\resources to target\classes
2025-10-17 11:37:18,732 [Worker-31: Launching hospital-backend - HospitalApplication] INFO  o.a.m.s.f.DefaultMavenResourcesFiltering - skip non existing resourceDirectory C:\Users\gyasu\Desktop\ex br\hospital-backend\src\test\resources
2025-10-17 11:38:17,551 [Worker-11: Launching hospital-backend - HospitalApplication] INFO  o.a.m.s.f.DefaultMavenResourcesFiltering - Copying 1 resource from src\main\resources to target\classes
2025-10-17 11:38:17,602 [Worker-11: Launching hospital-backend - HospitalApplication] INFO  o.a.m.s.f.DefaultMavenResourcesFiltering - Copying 0 resource from src\main\resources to target\classes
2025-10-17 11:38:17,612 [Worker-11: Launching hospital-backend - HospitalApplication] INFO  o.a.m.s.f.DefaultMavenResourcesFiltering - skip non existing resourceDirectory C:\Users\gyasu\Desktop\ex br\hospital-backend\src\test\resources
2025-10-17 19:54:31,426 [Worker-4: Loading available Gradle versions] INFO  o.e.b.c.i.u.g.PublishedGradleVersions - Gradle version information cache is up-to-date. Trying to read.
2025-10-17 19:54:44,360 [Worker-11: Building] INFO  o.e.m.c.i.l.LifecycleMappingFactory - Using org.eclipse.m2e.jdt.JarLifecycleMapping lifecycle mapping for MavenProject: com.klu:hospital:0.0.1-SNAPSHOT @ C:\Users\gyasu\Desktop\ex br\hospital-backend\pom.xml.
2025-10-17 19:54:50,855 [Worker-11: Building] INFO  o.a.m.s.f.DefaultMavenResourcesFiltering - Copying 1 resource from src\main\resources to target\classes
2025-10-17 19:54:50,944 [Worker-11: Building] INFO  o.a.m.s.f.DefaultMavenResourcesFiltering - Copying 0 resource from src\main\resources to target\classes
2025-10-17 19:54:50,966 [Worker-11: Building] INFO  o.a.m.s.f.DefaultMavenResourcesFiltering - skip non existing resourceDirectory C:\Users\gyasu\Desktop\ex br\hospital-backend\src\test\resources
2025-10-17 19:55:08,535 [Worker-27: Update Maven projects configuration] INFO  o.e.m.c.i.p.ProjectConfigurationManager - Update started
2025-10-17 19:55:09,133 [Worker-27: Update Maven projects configuration] INFO  o.e.m.c.i.l.LifecycleMappingFactory - Using org.eclipse.m2e.jdt.JarLifecycleMapping lifecycle mapping for MavenProject: com.klu:hospital:0.0.1-SNAPSHOT @ C:\Users\gyasu\Desktop\ex br\tr\hospital-backend\pom.xml.
2025-10-17 19:55:10,541 [Worker-27: Update Maven projects configuration] INFO  o.e.m.j.i.AbstractJavaProjectConfigurator - Adding source folder /hospital-backend/src/main/java
2025-10-17 19:55:10,546 [Worker-27: Update Maven projects configuration] INFO  o.e.m.j.i.AbstractJavaProjectConfigurator - Adding resource folder /hospital-backend/src/main/resources
2025-10-17 19:55:10,561 [Worker-27: Update Maven projects configuration] INFO  o.e.m.j.i.AbstractJavaProjectConfigurator - Adding resource folder /hospital-backend/src/main/resources
2025-10-17 19:55:10,578 [Worker-27: Update Maven projects configuration] INFO  o.e.m.j.i.AbstractJavaProjectConfigurator - Adding source folder /hospital-backend/src/test/java
2025-10-17 19:55:10,580 [Worker-27: Update Maven projects configuration] INFO  o.e.m.j.i.AbstractJavaProjectConfigurator - Adding resource folder /hospital-backend/src/test/resources
2025-10-17 19:55:11,735 [Worker-27: Update Maven projects configuration] INFO  o.e.m.c.i.p.ProjectConfigurationManager - Update completed for 1 poms: local refresh takes 0.00 sec, refresh facades takes 1.00 sec, update config takes 1.00 sec 
2025-10-17 19:55:12,203 [Worker-32: Building] INFO  o.a.m.s.f.DefaultMavenResourcesFiltering - Copying 1 resource from src\main\resources to target\classes
2025-10-17 19:55:12,250 [Worker-32: Building] INFO  o.a.m.s.f.DefaultMavenResourcesFiltering - Copying 0 resource from src\main\resources to target\classes
2025-10-17 19:55:12,258 [Worker-32: Building] INFO  o.a.m.s.f.DefaultMavenResourcesFiltering - skip non existing resourceDirectory C:\Users\gyasu\Desktop\ex br\tr\hospital-backend\src\test\resources
2025-10-17 20:00:06,931 [Worker-18: Building] INFO  o.a.m.s.f.DefaultMavenResourcesFiltering - Copying 1 resource from src\main\resources to target\classes
2025-10-17 20:00:06,949 [Worker-18: Building] INFO  o.a.m.s.f.DefaultMavenResourcesFiltering - Copying 0 resource from src\main\resources to target\classes
2025-10-17 20:00:06,954 [Worker-18: Building] INFO  o.a.m.s.f.DefaultMavenResourcesFiltering - skip non existing resourceDirectory C:\Users\gyasu\Desktop\ex br\tr\hospital-backend\src\test\resources
2025-10-17 20:10:18,219 [Worker-20: Building] INFO  o.a.m.s.f.DefaultMavenResourcesFiltering - Copying 0 resource from src\main\resources to target\classes
2025-10-17 20:10:18,223 [Worker-20: Building] INFO  o.a.m.s.f.DefaultMavenResourcesFiltering - Copying 0 resource from src\main\resources to target\classes
2025-10-17 20:10:18,233 [Worker-20: Building] INFO  o.a.m.s.f.DefaultMavenResourcesFiltering - skip non existing resourceDirectory C:\Users\gyasu\Desktop\ex br\tr\hospital-backend\src\test\resources
2025-10-17 20:16:54,675 [Worker-32: Building] INFO  o.a.m.s.f.DefaultMavenResourcesFiltering - Copying 1 resource from src\main\resources to target\classes
2025-10-17 20:16:54,693 [Worker-32: Building] INFO  o.a.m.s.f.DefaultMavenResourcesFiltering - Copying 0 resource from src\main\resources to target\classes
2025-10-17 20:16:54,698 [Worker-32: Building] INFO  o.a.m.s.f.DefaultMavenResourcesFiltering - skip non existing resourceDirectory C:\Users\gyasu\Desktop\ex br\tr\hospital-backend\src\test\resources
2025-10-17 21:36:27,615 [Worker-27: Building] INFO  o.e.m.c.i.l.LifecycleMappingFactory - Using org.maven.ide.eclipse.wtp.WarLifecycleMapping lifecycle mapping for MavenProject: com.klu:hospital:0.0.1-SNAPSHOT @ C:\Users\gyasu\Desktop\ex br\tr\hospital-backend\pom.xml.
2025-10-17 21:36:31,905 [Worker-27: Building] INFO  o.a.m.s.f.DefaultMavenResourcesFiltering - Copying 0 resource from src\main\resources to target\classes
2025-10-17 21:36:31,905 [Worker-27: Building] INFO  o.a.m.s.f.DefaultMavenResourcesFiltering - Copying 0 resource from src\main\resources to target\classes
2025-10-17 21:36:31,910 [Worker-27: Building] INFO  o.a.m.s.f.DefaultMavenResourcesFiltering - skip non existing resourceDirectory C:\Users\gyasu\Desktop\ex br\tr\hospital-backend\src\test\resources
2025-10-17 21:36:31,913 [Worker-27: Building] INFO  o.e.m.w.i.f.ResourceFilteringBuildParticipant - Changed resources require a complete clean of filtered resources of hospital-backend
2025-10-17 21:36:31,914 [Worker-27: Building] INFO  o.e.m.w.i.f.ResourceFilteringBuildParticipant - Executing resource filtering for hospital-backend
2025-10-17 21:36:32,056 [Worker-40: Updating Maven Project] INFO  o.e.m.c.i.p.ProjectConfigurationManager - Update started
2025-10-17 21:36:32,747 [Worker-40: Updating Maven Project] INFO  o.e.m.c.i.l.LifecycleMappingFactory - Using org.maven.ide.eclipse.wtp.WarLifecycleMapping lifecycle mapping for MavenProject: com.klu:hospital:0.0.1-SNAPSHOT @ C:\Users\gyasu\Desktop\ex br\tr\hospital-backend\pom.xml.
2025-10-17 21:36:34,043 [Worker-40: Updating Maven Project] INFO  o.e.m.j.i.AbstractJavaProjectConfigurator - Adding source folder /hospital-backend/src/main/java
2025-10-17 21:36:34,044 [Worker-40: Updating Maven Project] INFO  o.e.m.j.i.AbstractJavaProjectConfigurator - Adding resource folder /hospital-backend/src/main/resources
2025-10-17 21:36:34,046 [Worker-40: Updating Maven Project] INFO  o.e.m.j.i.AbstractJavaProjectConfigurator - Adding resource folder /hospital-backend/src/main/resources
2025-10-17 21:36:34,046 [Worker-40: Updating Maven Project] INFO  o.e.m.j.i.AbstractJavaProjectConfigurator - Adding source folder /hospital-backend/src/test/java
2025-10-17 21:36:34,047 [Worker-40: Updating Maven Project] INFO  o.e.m.j.i.AbstractJavaProjectConfigurator - Adding resource folder /hospital-backend/src/test/resources
2025-10-17 21:36:40,748 [Worker-40: Updating Maven Project] INFO  o.e.m.w.i.f.ResourceFilteringBuildParticipant - Cleaning filtered folder for hospital-backend
2025-10-17 21:36:41,594 [Worker-40: Updating Maven Project] INFO  o.e.m.c.i.p.ProjectConfigurationManager - Update completed for 1 poms: local refresh takes 0.00 sec, refresh facades takes 1.00 sec, update config takes 6.00 sec 
2025-10-17 21:54:14,118 [Worker-0: Loading available Gradle versions] INFO  o.e.b.c.i.u.g.PublishedGradleVersions - Gradle version information cache is up-to-date. Trying to read.
2025-10-17 21:55:08,002 [Worker-21: Updating Maven Project] INFO  o.e.m.c.i.p.ProjectConfigurationManager - Update started
2025-10-17 21:55:08,825 [Worker-21: Updating Maven Project] INFO  o.e.m.c.i.l.LifecycleMappingFactory - Using org.maven.ide.eclipse.wtp.WarLifecycleMapping lifecycle mapping for MavenProject: com.klu:hospital:0.0.1-SNAPSHOT @ C:\Users\gyasu\Desktop\ex br\tr\hospital-backend\pom.xml.
2025-10-17 21:55:09,909 [Worker-21: Updating Maven Project] INFO  o.e.m.j.i.AbstractJavaProjectConfigurator - Adding source folder /hospital-backend/src/main/java
2025-10-17 21:55:09,912 [Worker-21: Updating Maven Project] INFO  o.e.m.j.i.AbstractJavaProjectConfigurator - Adding resource folder /hospital-backend/src/main/resources
2025-10-17 21:55:09,912 [Worker-21: Updating Maven Project] INFO  o.e.m.j.i.AbstractJavaProjectConfigurator - Adding resource folder /hospital-backend/src/main/resources
2025-10-17 21:55:09,913 [Worker-21: Updating Maven Project] INFO  o.e.m.j.i.AbstractJavaProjectConfigurator - Adding source folder /hospital-backend/src/test/java
2025-10-17 21:55:09,914 [Worker-21: Updating Maven Project] INFO  o.e.m.j.i.AbstractJavaProjectConfigurator - Adding resource folder /hospital-backend/src/test/resources
2025-10-17 21:55:11,038 [Worker-21: Updating Maven Project] INFO  o.e.m.w.i.f.ResourceFilteringBuildParticipant - Cleaning filtered folder for hospital-backend
2025-10-17 21:55:11,063 [Worker-21: Updating Maven Project] INFO  o.e.m.c.i.p.ProjectConfigurationManager - Update completed for 1 poms: local refresh takes 0.00 sec, refresh facades takes 1.00 sec, update config takes 0.00 sec 
2025-10-17 21:55:11,635 [Worker-5: Building] INFO  o.a.m.s.f.DefaultMavenResourcesFiltering - Copying 1 resource from src\main\resources to target\classes
2025-10-17 21:55:11,660 [Worker-5: Building] INFO  o.a.m.s.f.DefaultMavenResourcesFiltering - Copying 0 resource from src\main\resources to target\classes
2025-10-17 21:55:11,667 [Worker-5: Building] INFO  o.a.m.s.f.DefaultMavenResourcesFiltering - skip non existing resourceDirectory C:\Users\gyasu\Desktop\ex br\tr\hospital-backend\src\test\resources
2025-10-17 21:55:11,667 [Worker-5: Building] INFO  o.e.m.w.i.f.ResourceFilteringBuildParticipant - Changed resources require a complete clean of filtered resources of hospital-backend
2025-10-17 21:55:11,668 [Worker-5: Building] INFO  o.e.m.w.i.f.ResourceFilteringBuildParticipant - Executing resource filtering for hospital-backend
2025-10-17 21:57:43,054 [Worker-17: Building] INFO  o.e.m.c.i.l.LifecycleMappingFactory - Using org.maven.ide.eclipse.wtp.WarLifecycleMapping lifecycle mapping for MavenProject: com.klu:hospital:0.0.1-SNAPSHOT @ C:\Users\gyasu\Desktop\ex br\tr\hospital-backend\pom.xml.
2025-10-17 21:57:43,541 [Worker-17: Building] INFO  o.a.m.s.f.DefaultMavenResourcesFiltering - Copying 0 resource from src\main\resources to target\classes
2025-10-17 21:57:43,542 [Worker-17: Building] INFO  o.a.m.s.f.DefaultMavenResourcesFiltering - Copying 0 resource from src\main\resources to target\classes
2025-10-17 21:57:43,546 [Worker-17: Building] INFO  o.a.m.s.f.DefaultMavenResourcesFiltering - skip non existing resourceDirectory C:\Users\gyasu\Desktop\ex br\tr\hospital-backend\src\test\resources
2025-10-17 21:57:43,547 [Worker-17: Building] INFO  o.e.m.w.i.f.ResourceFilteringBuildParticipant - Changed resources require a complete clean of filtered resources of hospital-backend
2025-10-17 21:57:43,547 [Worker-17: Building] INFO  o.e.m.w.i.f.ResourceFilteringBuildParticipant - Executing resource filtering for hospital-backend
2025-10-17 21:57:51,134 [Worker-7: Updating Maven Project] INFO  o.e.m.c.i.p.ProjectConfigurationManager - Update started
2025-10-17 21:57:51,357 [Worker-7: Updating Maven Project] INFO  o.e.m.c.i.l.LifecycleMappingFactory - Using org.maven.ide.eclipse.wtp.WarLifecycleMapping lifecycle mapping for MavenProject: com.klu:hospital:0.0.1-SNAPSHOT @ C:\Users\gyasu\Desktop\ex br\tr\hospital-backend\pom.xml.
2025-10-17 21:57:51,669 [Worker-7: Updating Maven Project] INFO  o.e.m.j.i.AbstractJavaProjectConfigurator - Adding source folder /hospital-backend/src/main/java
2025-10-17 21:57:51,669 [Worker-7: Updating Maven Project] INFO  o.e.m.j.i.AbstractJavaProjectConfigurator - Adding resource folder /hospital-backend/src/main/resources
2025-10-17 21:57:51,670 [Worker-7: Updating Maven Project] INFO  o.e.m.j.i.AbstractJavaProjectConfigurator - Adding resource folder /hospital-backend/src/main/resources
2025-10-17 21:57:51,670 [Worker-7: Updating Maven Project] INFO  o.e.m.j.i.AbstractJavaProjectConfigurator - Adding source folder /hospital-backend/src/test/java
2025-10-17 21:57:51,670 [Worker-7: Updating Maven Project] INFO  o.e.m.j.i.AbstractJavaProjectConfigurator - Adding resource folder /hospital-backend/src/test/resources
2025-10-17 21:57:52,050 [Worker-7: Updating Maven Project] INFO  o.e.m.w.i.f.ResourceFilteringBuildParticipant - Cleaning filtered folder for hospital-backend
2025-10-17 21:57:52,071 [Worker-7: Updating Maven Project] INFO  o.e.m.c.i.p.ProjectConfigurationManager - Update completed for 1 poms: local refresh takes 0.00 sec, refresh facades takes 0.00 sec, update config takes 0.00 sec 
2025-10-17 21:57:52,361 [Worker-22: Building] INFO  o.a.m.s.f.DefaultMavenResourcesFiltering - Copying 1 resource from src\main\resources to target\classes
2025-10-17 21:57:52,395 [Worker-22: Building] INFO  o.a.m.s.f.DefaultMavenResourcesFiltering - Copying 0 resource from src\main\resources to target\classes
2025-10-17 21:57:52,398 [Worker-22: Building] INFO  o.a.m.s.f.DefaultMavenResourcesFiltering - skip non existing resourceDirectory C:\Users\gyasu\Desktop\ex br\tr\hospital-backend\src\test\resources
2025-10-17 21:57:52,399 [Worker-22: Building] INFO  o.e.m.w.i.f.ResourceFilteringBuildParticipant - Changed resources require a complete clean of filtered resources of hospital-backend
2025-10-17 21:57:52,399 [Worker-22: Building] INFO  o.e.m.w.i.f.ResourceFilteringBuildParticipant - Executing resource filtering for hospital-backend
2025-10-17 21:59:22,294 [Worker-22: Launching Executing clean in C__Users_gyasu_Desktop_ex br_tr_hospital-backend] INFO  o.eclipse.m2e.core.internal.Bundles - getClasspathEntries(Bundle=org.eclipse.m2e.maven.runtime_3.9.900.20240824-1409 [640])
2025-10-17 21:59:22,295 [Worker-22: Launching Executing clean in C__Users_gyasu_Desktop_ex br_tr_hospital-backend] INFO  o.eclipse.m2e.core.internal.Bundles - 	Entry: C:\Users\gyasu\.p2\pool\plugins\org.eclipse.m2e.maven.runtime_3.9.900.20240824-1409
2025-10-17 21:59:22,296 [Worker-22: Launching Executing clean in C__Users_gyasu_Desktop_ex br_tr_hospital-backend] INFO  o.eclipse.m2e.core.internal.Bundles - 	Entry: C:\Users\gyasu\.p2\pool\plugins\org.eclipse.m2e.maven.runtime_3.9.900.20240824-1409\jars\aopalliance-1.0.jar
2025-10-17 21:59:22,296 [Worker-22: Launching Executing clean in C__Users_gyasu_Desktop_ex br_tr_hospital-backend] INFO  o.eclipse.m2e.core.internal.Bundles - 	Entry: C:\Users\gyasu\.p2\pool\plugins\org.eclipse.m2e.maven.runtime_3.9.900.20240824-1409\jars\guice-5.1.0.jar
2025-10-17 21:59:22,296 [Worker-22: Launching Executing clean in C__Users_gyasu_Desktop_ex br_tr_hospital-backend] INFO  o.eclipse.m2e.core.internal.Bundles - 	Entry: C:\Users\gyasu\.p2\pool\plugins\org.eclipse.m2e.maven.runtime_3.9.900.20240824-1409\jars\httpclient-4.5.14.jar
2025-10-17 21:59:22,296 [Worker-22: Launching Executing clean in C__Users_gyasu_Desktop_ex br_tr_hospital-backend] INFO  o.eclipse.m2e.core.internal.Bundles - 	Entry: C:\Users\gyasu\.p2\pool\plugins\org.eclipse.m2e.maven.runtime_3.9.900.20240824-1409\jars\httpcore-4.4.16.jar
2025-10-17 21:59:22,296 [Worker-22: Launching Executing clean in C__Users_gyasu_Desktop_ex br_tr_hospital-backend] INFO  o.eclipse.m2e.core.internal.Bundles - 	Entry: C:\Users\gyasu\.p2\pool\plugins\org.eclipse.m2e.maven.runtime_3.9.900.20240824-1409\jars\jansi-2.4.1.jar
2025-10-17 21:59:22,296 [Worker-22: Launching Executing clean in C__Users_gyasu_Desktop_ex br_tr_hospital-backend] INFO  o.eclipse.m2e.core.internal.Bundles - 	Entry: C:\Users\gyasu\.p2\pool\plugins\org.eclipse.m2e.maven.runtime_3.9.900.20240824-1409\jars\jcl-over-slf4j-1.7.36.jar
2025-10-17 21:59:22,296 [Worker-22: Launching Executing clean in C__Users_gyasu_Desktop_ex br_tr_hospital-backend] INFO  o.eclipse.m2e.core.internal.Bundles - 	Entry: C:\Users\gyasu\.p2\pool\plugins\org.eclipse.m2e.maven.runtime_3.9.900.20240824-1409\jars\maven-artifact-3.9.9.jar
2025-10-17 21:59:22,296 [Worker-22: Launching Executing clean in C__Users_gyasu_Desktop_ex br_tr_hospital-backend] INFO  o.eclipse.m2e.core.internal.Bundles - 	Entry: C:\Users\gyasu\.p2\pool\plugins\org.eclipse.m2e.maven.runtime_3.9.900.20240824-1409\jars\maven-builder-support-3.9.9.jar
2025-10-17 21:59:22,297 [Worker-22: Launching Executing clean in C__Users_gyasu_Desktop_ex br_tr_hospital-backend] INFO  o.eclipse.m2e.core.internal.Bundles - 	Entry: C:\Users\gyasu\.p2\pool\plugins\org.eclipse.m2e.maven.runtime_3.9.900.20240824-1409\jars\maven-compat-3.9.9.jar
2025-10-17 21:59:22,297 [Worker-22: Launching Executing clean in C__Users_gyasu_Desktop_ex br_tr_hospital-backend] INFO  o.eclipse.m2e.core.internal.Bundles - 	Entry: C:\Users\gyasu\.p2\pool\plugins\org.eclipse.m2e.maven.runtime_3.9.900.20240824-1409\jars\maven-core-3.9.9.jar
2025-10-17 21:59:22,297 [Worker-22: Launching Executing clean in C__Users_gyasu_Desktop_ex br_tr_hospital-backend] INFO  o.eclipse.m2e.core.internal.Bundles - 	Entry: C:\Users\gyasu\.p2\pool\plugins\org.eclipse.m2e.maven.runtime_3.9.900.20240824-1409\jars\maven-embedder-3.9.9.jar
2025-10-17 21:59:22,297 [Worker-22: Launching Executing clean in C__Users_gyasu_Desktop_ex br_tr_hospital-backend] INFO  o.eclipse.m2e.core.internal.Bundles - 	Entry: C:\Users\gyasu\.p2\pool\plugins\org.eclipse.m2e.maven.runtime_3.9.900.20240824-1409\jars\maven-model-3.9.9.jar
2025-10-17 21:59:22,297 [Worker-22: Launching Executing clean in C__Users_gyasu_Desktop_ex br_tr_hospital-backend] INFO  o.eclipse.m2e.core.internal.Bundles - 	Entry: C:\Users\gyasu\.p2\pool\plugins\org.eclipse.m2e.maven.runtime_3.9.900.20240824-1409\jars\maven-model-builder-3.9.9.jar
2025-10-17 21:59:22,297 [Worker-22: Launching Executing clean in C__Users_gyasu_Desktop_ex br_tr_hospital-backend] INFO  o.eclipse.m2e.core.internal.Bundles - 	Entry: C:\Users\gyasu\.p2\pool\plugins\org.eclipse.m2e.maven.runtime_3.9.900.20240824-1409\jars\maven-plugin-api-3.9.9.jar
2025-10-17 21:59:22,297 [Worker-22: Launching Executing clean in C__Users_gyasu_Desktop_ex br_tr_hospital-backend] INFO  o.eclipse.m2e.core.internal.Bundles - 	Entry: C:\Users\gyasu\.p2\pool\plugins\org.eclipse.m2e.maven.runtime_3.9.900.20240824-1409\jars\maven-repository-metadata-3.9.9.jar
2025-10-17 21:59:22,297 [Worker-22: Launching Executing clean in C__Users_gyasu_Desktop_ex br_tr_hospital-backend] INFO  o.eclipse.m2e.core.internal.Bundles - 	Entry: C:\Users\gyasu\.p2\pool\plugins\org.eclipse.m2e.maven.runtime_3.9.900.20240824-1409\jars\maven-resolver-api-1.9.22.jar
2025-10-17 21:59:22,297 [Worker-22: Launching Executing clean in C__Users_gyasu_Desktop_ex br_tr_hospital-backend] INFO  o.eclipse.m2e.core.internal.Bundles - 	Entry: C:\Users\gyasu\.p2\pool\plugins\org.eclipse.m2e.maven.runtime_3.9.900.20240824-1409\jars\maven-resolver-connector-basic-1.9.22.jar
2025-10-17 21:59:22,297 [Worker-22: Launching Executing clean in C__Users_gyasu_Desktop_ex br_tr_hospital-backend] INFO  o.eclipse.m2e.core.internal.Bundles - 	Entry: C:\Users\gyasu\.p2\pool\plugins\org.eclipse.m2e.maven.runtime_3.9.900.20240824-1409\jars\maven-resolver-impl-1.9.22.jar
2025-10-17 21:59:22,297 [Worker-22: Launching Executing clean in C__Users_gyasu_Desktop_ex br_tr_hospital-backend] INFO  o.eclipse.m2e.core.internal.Bundles - 	Entry: C:\Users\gyasu\.p2\pool\plugins\org.eclipse.m2e.maven.runtime_3.9.900.20240824-1409\jars\maven-resolver-named-locks-1.9.22.jar
2025-10-17 21:59:22,297 [Worker-22: Launching Executing clean in C__Users_gyasu_Desktop_ex br_tr_hospital-backend] INFO  o.eclipse.m2e.core.internal.Bundles - 	Entry: C:\Users\gyasu\.p2\pool\plugins\org.eclipse.m2e.maven.runtime_3.9.900.20240824-1409\jars\maven-resolver-provider-3.9.9.jar
2025-10-17 21:59:22,297 [Worker-22: Launching Executing clean in C__Users_gyasu_Desktop_ex br_tr_hospital-backend] INFO  o.eclipse.m2e.core.internal.Bundles - 	Entry: C:\Users\gyasu\.p2\pool\plugins\org.eclipse.m2e.maven.runtime_3.9.900.20240824-1409\jars\maven-resolver-spi-1.9.22.jar
2025-10-17 21:59:22,297 [Worker-22: Launching Executing clean in C__Users_gyasu_Desktop_ex br_tr_hospital-backend] INFO  o.eclipse.m2e.core.internal.Bundles - 	Entry: C:\Users\gyasu\.p2\pool\plugins\org.eclipse.m2e.maven.runtime_3.9.900.20240824-1409\jars\maven-resolver-transport-file-1.9.22.jar
2025-10-17 21:59:22,297 [Worker-22: Launching Executing clean in C__Users_gyasu_Desktop_ex br_tr_hospital-backend] INFO  o.eclipse.m2e.core.internal.Bundles - 	Entry: C:\Users\gyasu\.p2\pool\plugins\org.eclipse.m2e.maven.runtime_3.9.900.20240824-1409\jars\maven-resolver-transport-http-1.9.22.jar
2025-10-17 21:59:22,298 [Worker-22: Launching Executing clean in C__Users_gyasu_Desktop_ex br_tr_hospital-backend] INFO  o.eclipse.m2e.core.internal.Bundles - 	Entry: C:\Users\gyasu\.p2\pool\plugins\org.eclipse.m2e.maven.runtime_3.9.900.20240824-1409\jars\maven-resolver-transport-wagon-1.9.22.jar
2025-10-17 21:59:22,298 [Worker-22: Launching Executing clean in C__Users_gyasu_Desktop_ex br_tr_hospital-backend] INFO  o.eclipse.m2e.core.internal.Bundles - 	Entry: C:\Users\gyasu\.p2\pool\plugins\org.eclipse.m2e.maven.runtime_3.9.900.20240824-1409\jars\maven-resolver-util-1.9.22.jar
2025-10-17 21:59:22,298 [Worker-22: Launching Executing clean in C__Users_gyasu_Desktop_ex br_tr_hospital-backend] INFO  o.eclipse.m2e.core.internal.Bundles - 	Entry: C:\Users\gyasu\.p2\pool\plugins\org.eclipse.m2e.maven.runtime_3.9.900.20240824-1409\jars\maven-settings-3.9.9.jar
2025-10-17 21:59:22,298 [Worker-22: Launching Executing clean in C__Users_gyasu_Desktop_ex br_tr_hospital-backend] INFO  o.eclipse.m2e.core.internal.Bundles - 	Entry: C:\Users\gyasu\.p2\pool\plugins\org.eclipse.m2e.maven.runtime_3.9.900.20240824-1409\jars\maven-settings-builder-3.9.9.jar
2025-10-17 21:59:22,298 [Worker-22: Launching Executing clean in C__Users_gyasu_Desktop_ex br_tr_hospital-backend] INFO  o.eclipse.m2e.core.internal.Bundles - 	Entry: C:\Users\gyasu\.p2\pool\plugins\org.eclipse.m2e.maven.runtime_3.9.900.20240824-1409\jars\maven-shared-utils-3.4.2.jar
2025-10-17 21:59:22,298 [Worker-22: Launching Executing clean in C__Users_gyasu_Desktop_ex br_tr_hospital-backend] INFO  o.eclipse.m2e.core.internal.Bundles - 	Entry: C:\Users\gyasu\.p2\pool\plugins\org.eclipse.m2e.maven.runtime_3.9.900.20240824-1409\jars\org.eclipse.sisu.inject-0.9.0.M3.jar
2025-10-17 21:59:22,298 [Worker-22: Launching Executing clean in C__Users_gyasu_Desktop_ex br_tr_hospital-backend] INFO  o.eclipse.m2e.core.internal.Bundles - 	Entry: C:\Users\gyasu\.p2\pool\plugins\org.eclipse.m2e.maven.runtime_3.9.900.20240824-1409\jars\org.eclipse.sisu.plexus-0.9.0.M3.jar
2025-10-17 21:59:22,298 [Worker-22: Launching Executing clean in C__Users_gyasu_Desktop_ex br_tr_hospital-backend] INFO  o.eclipse.m2e.core.internal.Bundles - 	Entry: C:\Users\gyasu\.p2\pool\plugins\org.eclipse.m2e.maven.runtime_3.9.900.20240824-1409\jars\plexus-build-api-0.0.7.jar
2025-10-17 21:59:22,298 [Worker-22: Launching Executing clean in C__Users_gyasu_Desktop_ex br_tr_hospital-backend] INFO  o.eclipse.m2e.core.internal.Bundles - 	Entry: C:\Users\gyasu\.p2\pool\plugins\org.eclipse.m2e.maven.runtime_3.9.900.20240824-1409\jars\plexus-build-api-1.2.0.jar
2025-10-17 21:59:22,298 [Worker-22: Launching Executing clean in C__Users_gyasu_Desktop_ex br_tr_hospital-backend] INFO  o.eclipse.m2e.core.internal.Bundles - 	Entry: C:\Users\gyasu\.p2\pool\plugins\org.eclipse.m2e.maven.runtime_3.9.900.20240824-1409\jars\plexus-cipher-2.0.jar
2025-10-17 21:59:22,298 [Worker-22: Launching Executing clean in C__Users_gyasu_Desktop_ex br_tr_hospital-backend] INFO  o.eclipse.m2e.core.internal.Bundles - 	Entry: C:\Users\gyasu\.p2\pool\plugins\org.eclipse.m2e.maven.runtime_3.9.900.20240824-1409\jars\plexus-classworlds-2.8.0.jar
2025-10-17 21:59:22,298 [Worker-22: Launching Executing clean in C__Users_gyasu_Desktop_ex br_tr_hospital-backend] INFO  o.eclipse.m2e.core.internal.Bundles - 	Entry: C:\Users\gyasu\.p2\pool\plugins\org.eclipse.m2e.maven.runtime_3.9.900.20240824-1409\jars\plexus-component-annotations-2.1.0.jar
2025-10-17 21:59:22,298 [Worker-22: Launching Executing clean in C__Users_gyasu_Desktop_ex br_tr_hospital-backend] INFO  o.eclipse.m2e.core.internal.Bundles - 	Entry: C:\Users\gyasu\.p2\pool\plugins\org.eclipse.m2e.maven.runtime_3.9.900.20240824-1409\jars\plexus-interpolation-1.27.jar
2025-10-17 21:59:22,298 [Worker-22: Launching Executing clean in C__Users_gyasu_Desktop_ex br_tr_hospital-backend] INFO  o.eclipse.m2e.core.internal.Bundles - 	Entry: C:\Users\gyasu\.p2\pool\plugins\org.eclipse.m2e.maven.runtime_3.9.900.20240824-1409\jars\plexus-sec-dispatcher-2.0.jar
2025-10-17 21:59:22,298 [Worker-22: Launching Executing clean in C__Users_gyasu_Desktop_ex br_tr_hospital-backend] INFO  o.eclipse.m2e.core.internal.Bundles - 	Entry: C:\Users\gyasu\.p2\pool\plugins\org.eclipse.m2e.maven.runtime_3.9.900.20240824-1409\jars\plexus-utils-3.5.1.jar
2025-10-17 21:59:22,299 [Worker-22: Launching Executing clean in C__Users_gyasu_Desktop_ex br_tr_hospital-backend] INFO  o.eclipse.m2e.core.internal.Bundles - 	Entry: C:\Users\gyasu\.p2\pool\plugins\org.eclipse.m2e.maven.runtime_3.9.900.20240824-1409\jars\plexus-xml-3.0.1.jar
2025-10-17 21:59:22,299 [Worker-22: Launching Executing clean in C__Users_gyasu_Desktop_ex br_tr_hospital-backend] INFO  o.eclipse.m2e.core.internal.Bundles - 	Entry: C:\Users\gyasu\.p2\pool\plugins\org.eclipse.m2e.maven.runtime_3.9.900.20240824-1409\jars\wagon-file-3.5.3.jar
2025-10-17 21:59:22,299 [Worker-22: Launching Executing clean in C__Users_gyasu_Desktop_ex br_tr_hospital-backend] INFO  o.eclipse.m2e.core.internal.Bundles - 	Entry: C:\Users\gyasu\.p2\pool\plugins\org.eclipse.m2e.maven.runtime_3.9.900.20240824-1409\jars\wagon-http-3.5.3.jar
2025-10-17 21:59:22,299 [Worker-22: Launching Executing clean in C__Users_gyasu_Desktop_ex br_tr_hospital-backend] INFO  o.eclipse.m2e.core.internal.Bundles - 	Entry: C:\Users\gyasu\.p2\pool\plugins\org.eclipse.m2e.maven.runtime_3.9.900.20240824-1409\jars\wagon-http-shared-3.5.3.jar
2025-10-17 21:59:22,299 [Worker-22: Launching Executing clean in C__Users_gyasu_Desktop_ex br_tr_hospital-backend] INFO  o.eclipse.m2e.core.internal.Bundles - 	Entry: C:\Users\gyasu\.p2\pool\plugins\org.eclipse.m2e.maven.runtime_3.9.900.20240824-1409\jars\wagon-provider-api-3.5.3.jar
2025-10-17 21:59:22,300 [Worker-22: Launching Executing clean in C__Users_gyasu_Desktop_ex br_tr_hospital-backend] INFO  o.eclipse.m2e.core.internal.Bundles - getClasspathEntries(Bundle=com.google.guava_33.3.1.jre [16])
2025-10-17 21:59:22,300 [Worker-22: Launching Executing clean in C__Users_gyasu_Desktop_ex br_tr_hospital-backend] INFO  o.eclipse.m2e.core.internal.Bundles - 	Entry: C:\Users\gyasu\.p2\pool\plugins\com.google.guava_33.3.1.jre.jar
2025-10-17 21:59:22,300 [Worker-22: Launching Executing clean in C__Users_gyasu_Desktop_ex br_tr_hospital-backend] INFO  o.eclipse.m2e.core.internal.Bundles - getClasspathEntries(Bundle=slf4j.api_2.0.16 [1007])
2025-10-17 21:59:22,300 [Worker-22: Launching Executing clean in C__Users_gyasu_Desktop_ex br_tr_hospital-backend] INFO  o.eclipse.m2e.core.internal.Bundles - 	Entry: C:\Users\gyasu\.p2\pool\plugins\slf4j.api_2.0.16.jar
2025-10-17 21:59:22,300 [Worker-22: Launching Executing clean in C__Users_gyasu_Desktop_ex br_tr_hospital-backend] INFO  o.eclipse.m2e.core.internal.Bundles - getClasspathEntries(Bundle=jakarta.inject.jakarta.inject-api_1.0.5 [34])
2025-10-17 21:59:22,300 [Worker-22: Launching Executing clean in C__Users_gyasu_Desktop_ex br_tr_hospital-backend] INFO  o.eclipse.m2e.core.internal.Bundles - 	Entry: C:\Users\gyasu\.p2\pool\plugins\jakarta.inject.jakarta.inject-api_1.0.5.jar
2025-10-17 21:59:22,300 [Worker-22: Launching Executing clean in C__Users_gyasu_Desktop_ex br_tr_hospital-backend] INFO  o.eclipse.m2e.core.internal.Bundles - getClasspathEntries(Bundle=jakarta.annotation-api_1.3.5 [29])
2025-10-17 21:59:22,300 [Worker-22: Launching Executing clean in C__Users_gyasu_Desktop_ex br_tr_hospital-backend] INFO  o.eclipse.m2e.core.internal.Bundles - 	Entry: C:\Users\gyasu\.p2\pool\plugins\jakarta.annotation-api_1.3.5.jar
2025-10-17 21:59:22,300 [Worker-22: Launching Executing clean in C__Users_gyasu_Desktop_ex br_tr_hospital-backend] INFO  o.eclipse.m2e.core.internal.Bundles - getClasspathEntries(Bundle=org.apache.commons.cli_1.9.0 [75])
2025-10-17 21:59:22,301 [Worker-22: Launching Executing clean in C__Users_gyasu_Desktop_ex br_tr_hospital-backend] INFO  o.eclipse.m2e.core.internal.Bundles - 	Entry: C:\Users\gyasu\.p2\pool\plugins\org.apache.commons.cli_1.9.0.jar
2025-10-17 21:59:22,301 [Worker-22: Launching Executing clean in C__Users_gyasu_Desktop_ex br_tr_hospital-backend] INFO  o.eclipse.m2e.core.internal.Bundles - getClasspathEntries(Bundle=org.apache.commons.commons-codec_1.16.0 [78])
2025-10-17 21:59:22,301 [Worker-22: Launching Executing clean in C__Users_gyasu_Desktop_ex br_tr_hospital-backend] INFO  o.eclipse.m2e.core.internal.Bundles - 	Entry: C:\Users\gyasu\.p2\pool\plugins\org.apache.commons.commons-codec_1.16.0.jar
2025-10-17 21:59:22,301 [Worker-22: Launching Executing clean in C__Users_gyasu_Desktop_ex br_tr_hospital-backend] INFO  o.eclipse.m2e.core.internal.Bundles - getClasspathEntries(Bundle=com.google.guava.failureaccess_1.0.2 [17])
2025-10-17 21:59:22,301 [Worker-22: Launching Executing clean in C__Users_gyasu_Desktop_ex br_tr_hospital-backend] INFO  o.eclipse.m2e.core.internal.Bundles - 	Entry: C:\Users\gyasu\.p2\pool\plugins\com.google.guava.failureaccess_1.0.2.jar
2025-10-17 21:59:22,304 [Worker-22: Launching Executing clean in C__Users_gyasu_Desktop_ex br_tr_hospital-backend] INFO  o.e.m.i.launch.MavenLaunchDelegate - Run build in "C:\Users\gyasu\Desktop\ex br\tr\hospital-backend":
2025-10-17 21:59:22,305 [Worker-22: Launching Executing clean in C__Users_gyasu_Desktop_ex br_tr_hospital-backend] INFO  o.e.m.i.launch.MavenLaunchDelegate -  mvn  -B -Dstyle.color=always clean
2025-10-17 22:00:25,652 [Worker-33: Building] INFO  o.e.m.c.i.l.LifecycleMappingFactory - Using org.maven.ide.eclipse.wtp.WarLifecycleMapping lifecycle mapping for MavenProject: com.klu:hospital:0.0.1-SNAPSHOT @ C:\Users\gyasu\Desktop\ex br\tr\hospital-backend\pom.xml.
2025-10-17 22:00:26,134 [Worker-33: Building] INFO  o.a.m.s.f.DefaultMavenResourcesFiltering - Copying 0 resource from src\main\resources to target\classes
2025-10-17 22:00:26,135 [Worker-33: Building] INFO  o.a.m.s.f.DefaultMavenResourcesFiltering - Copying 0 resource from src\main\resources to target\classes
2025-10-17 22:00:26,137 [Worker-33: Building] INFO  o.a.m.s.f.DefaultMavenResourcesFiltering - skip non existing resourceDirectory C:\Users\gyasu\Desktop\ex br\tr\hospital-backend\src\test\resources
2025-10-17 22:00:26,138 [Worker-33: Building] INFO  o.e.m.w.i.f.ResourceFilteringBuildParticipant - Changed resources require a complete clean of filtered resources of hospital-backend
2025-10-17 22:00:26,138 [Worker-33: Building] INFO  o.e.m.w.i.f.ResourceFilteringBuildParticipant - Executing resource filtering for hospital-backend
2025-10-17 22:00:27,311 [Worker-7: Building] INFO  o.a.m.s.f.DefaultMavenResourcesFiltering - Copying 1 resource from src\main\resources to target\classes
2025-10-17 22:00:27,323 [Worker-7: Building] INFO  o.a.m.s.f.DefaultMavenResourcesFiltering - Copying 0 resource from src\main\resources to target\classes
2025-10-17 22:00:27,326 [Worker-7: Building] INFO  o.a.m.s.f.DefaultMavenResourcesFiltering - skip non existing resourceDirectory C:\Users\gyasu\Desktop\ex br\tr\hospital-backend\src\test\resources
2025-10-17 22:00:32,864 [Worker-33: Launching Executing clean in C__Users_gyasu_Desktop_ex br_tr_hospital-backend] INFO  o.eclipse.m2e.core.internal.Bundles - getClasspathEntries(Bundle=org.eclipse.m2e.maven.runtime_3.9.900.20240824-1409 [640])
2025-10-17 22:00:32,865 [Worker-33: Launching Executing clean in C__Users_gyasu_Desktop_ex br_tr_hospital-backend] INFO  o.eclipse.m2e.core.internal.Bundles - 	Entry: C:\Users\gyasu\.p2\pool\plugins\org.eclipse.m2e.maven.runtime_3.9.900.20240824-1409
2025-10-17 22:00:32,865 [Worker-33: Launching Executing clean in C__Users_gyasu_Desktop_ex br_tr_hospital-backend] INFO  o.eclipse.m2e.core.internal.Bundles - 	Entry: C:\Users\gyasu\.p2\pool\plugins\org.eclipse.m2e.maven.runtime_3.9.900.20240824-1409\jars\aopalliance-1.0.jar
2025-10-17 22:00:32,865 [Worker-33: Launching Executing clean in C__Users_gyasu_Desktop_ex br_tr_hospital-backend] INFO  o.eclipse.m2e.core.internal.Bundles - 	Entry: C:\Users\gyasu\.p2\pool\plugins\org.eclipse.m2e.maven.runtime_3.9.900.20240824-1409\jars\guice-5.1.0.jar
2025-10-17 22:00:32,865 [Worker-33: Launching Executing clean in C__Users_gyasu_Desktop_ex br_tr_hospital-backend] INFO  o.eclipse.m2e.core.internal.Bundles - 	Entry: C:\Users\gyasu\.p2\pool\plugins\org.eclipse.m2e.maven.runtime_3.9.900.20240824-1409\jars\httpclient-4.5.14.jar
2025-10-17 22:00:32,865 [Worker-33: Launching Executing clean in C__Users_gyasu_Desktop_ex br_tr_hospital-backend] INFO  o.eclipse.m2e.core.internal.Bundles - 	Entry: C:\Users\gyasu\.p2\pool\plugins\org.eclipse.m2e.maven.runtime_3.9.900.20240824-1409\jars\httpcore-4.4.16.jar
2025-10-17 22:00:32,866 [Worker-33: Launching Executing clean in C__Users_gyasu_Desktop_ex br_tr_hospital-backend] INFO  o.eclipse.m2e.core.internal.Bundles - 	Entry: C:\Users\gyasu\.p2\pool\plugins\org.eclipse.m2e.maven.runtime_3.9.900.20240824-1409\jars\jansi-2.4.1.jar
2025-10-17 22:00:32,866 [Worker-33: Launching Executing clean in C__Users_gyasu_Desktop_ex br_tr_hospital-backend] INFO  o.eclipse.m2e.core.internal.Bundles - 	Entry: C:\Users\gyasu\.p2\pool\plugins\org.eclipse.m2e.maven.runtime_3.9.900.20240824-1409\jars\jcl-over-slf4j-1.7.36.jar
2025-10-17 22:00:32,866 [Worker-33: Launching Executing clean in C__Users_gyasu_Desktop_ex br_tr_hospital-backend] INFO  o.eclipse.m2e.core.internal.Bundles - 	Entry: C:\Users\gyasu\.p2\pool\plugins\org.eclipse.m2e.maven.runtime_3.9.900.20240824-1409\jars\maven-artifact-3.9.9.jar
2025-10-17 22:00:32,866 [Worker-33: Launching Executing clean in C__Users_gyasu_Desktop_ex br_tr_hospital-backend] INFO  o.eclipse.m2e.core.internal.Bundles - 	Entry: C:\Users\gyasu\.p2\pool\plugins\org.eclipse.m2e.maven.runtime_3.9.900.20240824-1409\jars\maven-builder-support-3.9.9.jar
2025-10-17 22:00:32,866 [Worker-33: Launching Executing clean in C__Users_gyasu_Desktop_ex br_tr_hospital-backend] INFO  o.eclipse.m2e.core.internal.Bundles - 	Entry: C:\Users\gyasu\.p2\pool\plugins\org.eclipse.m2e.maven.runtime_3.9.900.20240824-1409\jars\maven-compat-3.9.9.jar
2025-10-17 22:00:32,866 [Worker-33: Launching Executing clean in C__Users_gyasu_Desktop_ex br_tr_hospital-backend] INFO  o.eclipse.m2e.core.internal.Bundles - 	Entry: C:\Users\gyasu\.p2\pool\plugins\org.eclipse.m2e.maven.runtime_3.9.900.20240824-1409\jars\maven-core-3.9.9.jar
2025-10-17 22:00:32,866 [Worker-33: Launching Executing clean in C__Users_gyasu_Desktop_ex br_tr_hospital-backend] INFO  o.eclipse.m2e.core.internal.Bundles - 	Entry: C:\Users\gyasu\.p2\pool\plugins\org.eclipse.m2e.maven.runtime_3.9.900.20240824-1409\jars\maven-embedder-3.9.9.jar
2025-10-17 22:00:32,866 [Worker-33: Launching Executing clean in C__Users_gyasu_Desktop_ex br_tr_hospital-backend] INFO  o.eclipse.m2e.core.internal.Bundles - 	Entry: C:\Users\gyasu\.p2\pool\plugins\org.eclipse.m2e.maven.runtime_3.9.900.20240824-1409\jars\maven-model-3.9.9.jar
2025-10-17 22:00:32,866 [Worker-33: Launching Executing clean in C__Users_gyasu_Desktop_ex br_tr_hospital-backend] INFO  o.eclipse.m2e.core.internal.Bundles - 	Entry: C:\Users\gyasu\.p2\pool\plugins\org.eclipse.m2e.maven.runtime_3.9.900.20240824-1409\jars\maven-model-builder-3.9.9.jar
2025-10-17 22:00:32,866 [Worker-33: Launching Executing clean in C__Users_gyasu_Desktop_ex br_tr_hospital-backend] INFO  o.eclipse.m2e.core.internal.Bundles - 	Entry: C:\Users\gyasu\.p2\pool\plugins\org.eclipse.m2e.maven.runtime_3.9.900.20240824-1409\jars\maven-plugin-api-3.9.9.jar
2025-10-17 22:00:32,866 [Worker-33: Launching Executing clean in C__Users_gyasu_Desktop_ex br_tr_hospital-backend] INFO  o.eclipse.m2e.core.internal.Bundles - 	Entry: C:\Users\gyasu\.p2\pool\plugins\org.eclipse.m2e.maven.runtime_3.9.900.20240824-1409\jars\maven-repository-metadata-3.9.9.jar
2025-10-17 22:00:32,866 [Worker-33: Launching Executing clean in C__Users_gyasu_Desktop_ex br_tr_hospital-backend] INFO  o.eclipse.m2e.core.internal.Bundles - 	Entry: C:\Users\gyasu\.p2\pool\plugins\org.eclipse.m2e.maven.runtime_3.9.900.20240824-1409\jars\maven-resolver-api-1.9.22.jar
2025-10-17 22:00:32,866 [Worker-33: Launching Executing clean in C__Users_gyasu_Desktop_ex br_tr_hospital-backend] INFO  o.eclipse.m2e.core.internal.Bundles - 	Entry: C:\Users\gyasu\.p2\pool\plugins\org.eclipse.m2e.maven.runtime_3.9.900.20240824-1409\jars\maven-resolver-connector-basic-1.9.22.jar
2025-10-17 22:00:32,866 [Worker-33: Launching Executing clean in C__Users_gyasu_Desktop_ex br_tr_hospital-backend] INFO  o.eclipse.m2e.core.internal.Bundles - 	Entry: C:\Users\gyasu\.p2\pool\plugins\org.eclipse.m2e.maven.runtime_3.9.900.20240824-1409\jars\maven-resolver-impl-1.9.22.jar
2025-10-17 22:00:32,867 [Worker-33: Launching Executing clean in C__Users_gyasu_Desktop_ex br_tr_hospital-backend] INFO  o.eclipse.m2e.core.internal.Bundles - 	Entry: C:\Users\gyasu\.p2\pool\plugins\org.eclipse.m2e.maven.runtime_3.9.900.20240824-1409\jars\maven-resolver-named-locks-1.9.22.jar
2025-10-17 22:00:32,867 [Worker-33: Launching Executing clean in C__Users_gyasu_Desktop_ex br_tr_hospital-backend] INFO  o.eclipse.m2e.core.internal.Bundles - 	Entry: C:\Users\gyasu\.p2\pool\plugins\org.eclipse.m2e.maven.runtime_3.9.900.20240824-1409\jars\maven-resolver-provider-3.9.9.jar
2025-10-17 22:00:32,867 [Worker-33: Launching Executing clean in C__Users_gyasu_Desktop_ex br_tr_hospital-backend] INFO  o.eclipse.m2e.core.internal.Bundles - 	Entry: C:\Users\gyasu\.p2\pool\plugins\org.eclipse.m2e.maven.runtime_3.9.900.20240824-1409\jars\maven-resolver-spi-1.9.22.jar
2025-10-17 22:00:32,867 [Worker-33: Launching Executing clean in C__Users_gyasu_Desktop_ex br_tr_hospital-backend] INFO  o.eclipse.m2e.core.internal.Bundles - 	Entry: C:\Users\gyasu\.p2\pool\plugins\org.eclipse.m2e.maven.runtime_3.9.900.20240824-1409\jars\maven-resolver-transport-file-1.9.22.jar
2025-10-17 22:00:32,867 [Worker-33: Launching Executing clean in C__Users_gyasu_Desktop_ex br_tr_hospital-backend] INFO  o.eclipse.m2e.core.internal.Bundles - 	Entry: C:\Users\gyasu\.p2\pool\plugins\org.eclipse.m2e.maven.runtime_3.9.900.20240824-1409\jars\maven-resolver-transport-http-1.9.22.jar
2025-10-17 22:00:32,867 [Worker-33: Launching Executing clean in C__Users_gyasu_Desktop_ex br_tr_hospital-backend] INFO  o.eclipse.m2e.core.internal.Bundles - 	Entry: C:\Users\gyasu\.p2\pool\plugins\org.eclipse.m2e.maven.runtime_3.9.900.20240824-1409\jars\maven-resolver-transport-wagon-1.9.22.jar
2025-10-17 22:00:32,867 [Worker-33: Launching Executing clean in C__Users_gyasu_Desktop_ex br_tr_hospital-backend] INFO  o.eclipse.m2e.core.internal.Bundles - 	Entry: C:\Users\gyasu\.p2\pool\plugins\org.eclipse.m2e.maven.runtime_3.9.900.20240824-1409\jars\maven-resolver-util-1.9.22.jar
2025-10-17 22:00:32,867 [Worker-33: Launching Executing clean in C__Users_gyasu_Desktop_ex br_tr_hospital-backend] INFO  o.eclipse.m2e.core.internal.Bundles - 	Entry: C:\Users\gyasu\.p2\pool\plugins\org.eclipse.m2e.maven.runtime_3.9.900.20240824-1409\jars\maven-settings-3.9.9.jar
2025-10-17 22:00:32,867 [Worker-33: Launching Executing clean in C__Users_gyasu_Desktop_ex br_tr_hospital-backend] INFO  o.eclipse.m2e.core.internal.Bundles - 	Entry: C:\Users\gyasu\.p2\pool\plugins\org.eclipse.m2e.maven.runtime_3.9.900.20240824-1409\jars\maven-settings-builder-3.9.9.jar
2025-10-17 22:00:32,867 [Worker-33: Launching Executing clean in C__Users_gyasu_Desktop_ex br_tr_hospital-backend] INFO  o.eclipse.m2e.core.internal.Bundles - 	Entry: C:\Users\gyasu\.p2\pool\plugins\org.eclipse.m2e.maven.runtime_3.9.900.20240824-1409\jars\maven-shared-utils-3.4.2.jar
2025-10-17 22:00:32,868 [Worker-33: Launching Executing clean in C__Users_gyasu_Desktop_ex br_tr_hospital-backend] INFO  o.eclipse.m2e.core.internal.Bundles - 	Entry: C:\Users\gyasu\.p2\pool\plugins\org.eclipse.m2e.maven.runtime_3.9.900.20240824-1409\jars\org.eclipse.sisu.inject-0.9.0.M3.jar
2025-10-17 22:00:32,868 [Worker-33: Launching Executing clean in C__Users_gyasu_Desktop_ex br_tr_hospital-backend] INFO  o.eclipse.m2e.core.internal.Bundles - 	Entry: C:\Users\gyasu\.p2\pool\plugins\org.eclipse.m2e.maven.runtime_3.9.900.20240824-1409\jars\org.eclipse.sisu.plexus-0.9.0.M3.jar
2025-10-17 22:00:32,868 [Worker-33: Launching Executing clean in C__Users_gyasu_Desktop_ex br_tr_hospital-backend] INFO  o.eclipse.m2e.core.internal.Bundles - 	Entry: C:\Users\gyasu\.p2\pool\plugins\org.eclipse.m2e.maven.runtime_3.9.900.20240824-1409\jars\plexus-build-api-0.0.7.jar
2025-10-17 22:00:32,868 [Worker-33: Launching Executing clean in C__Users_gyasu_Desktop_ex br_tr_hospital-backend] INFO  o.eclipse.m2e.core.internal.Bundles - 	Entry: C:\Users\gyasu\.p2\pool\plugins\org.eclipse.m2e.maven.runtime_3.9.900.20240824-1409\jars\plexus-build-api-1.2.0.jar
2025-10-17 22:00:32,868 [Worker-33: Launching Executing clean in C__Users_gyasu_Desktop_ex br_tr_hospital-backend] INFO  o.eclipse.m2e.core.internal.Bundles - 	Entry: C:\Users\gyasu\.p2\pool\plugins\org.eclipse.m2e.maven.runtime_3.9.900.20240824-1409\jars\plexus-cipher-2.0.jar
2025-10-17 22:00:32,868 [Worker-33: Launching Executing clean in C__Users_gyasu_Desktop_ex br_tr_hospital-backend] INFO  o.eclipse.m2e.core.internal.Bundles - 	Entry: C:\Users\gyasu\.p2\pool\plugins\org.eclipse.m2e.maven.runtime_3.9.900.20240824-1409\jars\plexus-classworlds-2.8.0.jar
2025-10-17 22:00:32,868 [Worker-33: Launching Executing clean in C__Users_gyasu_Desktop_ex br_tr_hospital-backend] INFO  o.eclipse.m2e.core.internal.Bundles - 	Entry: C:\Users\gyasu\.p2\pool\plugins\org.eclipse.m2e.maven.runtime_3.9.900.20240824-1409\jars\plexus-component-annotations-2.1.0.jar
2025-10-17 22:00:32,868 [Worker-33: Launching Executing clean in C__Users_gyasu_Desktop_ex br_tr_hospital-backend] INFO  o.eclipse.m2e.core.internal.Bundles - 	Entry: C:\Users\gyasu\.p2\pool\plugins\org.eclipse.m2e.maven.runtime_3.9.900.20240824-1409\jars\plexus-interpolation-1.27.jar
2025-10-17 22:00:32,868 [Worker-33: Launching Executing clean in C__Users_gyasu_Desktop_ex br_tr_hospital-backend] INFO  o.eclipse.m2e.core.internal.Bundles - 	Entry: C:\Users\gyasu\.p2\pool\plugins\org.eclipse.m2e.maven.runtime_3.9.900.20240824-1409\jars\plexus-sec-dispatcher-2.0.jar
2025-10-17 22:00:32,868 [Worker-33: Launching Executing clean in C__Users_gyasu_Desktop_ex br_tr_hospital-backend] INFO  o.eclipse.m2e.core.internal.Bundles - 	Entry: C:\Users\gyasu\.p2\pool\plugins\org.eclipse.m2e.maven.runtime_3.9.900.20240824-1409\jars\plexus-utils-3.5.1.jar
2025-10-17 22:00:32,868 [Worker-33: Launching Executing clean in C__Users_gyasu_Desktop_ex br_tr_hospital-backend] INFO  o.eclipse.m2e.core.internal.Bundles - 	Entry: C:\Users\gyasu\.p2\pool\plugins\org.eclipse.m2e.maven.runtime_3.9.900.20240824-1409\jars\plexus-xml-3.0.1.jar
2025-10-17 22:00:32,868 [Worker-33: Launching Executing clean in C__Users_gyasu_Desktop_ex br_tr_hospital-backend] INFO  o.eclipse.m2e.core.internal.Bundles - 	Entry: C:\Users\gyasu\.p2\pool\plugins\org.eclipse.m2e.maven.runtime_3.9.900.20240824-1409\jars\wagon-file-3.5.3.jar
2025-10-17 22:00:32,868 [Worker-33: Launching Executing clean in C__Users_gyasu_Desktop_ex br_tr_hospital-backend] INFO  o.eclipse.m2e.core.internal.Bundles - 	Entry: C:\Users\gyasu\.p2\pool\plugins\org.eclipse.m2e.maven.runtime_3.9.900.20240824-1409\jars\wagon-http-3.5.3.jar
2025-10-17 22:00:32,868 [Worker-33: Launching Executing clean in C__Users_gyasu_Desktop_ex br_tr_hospital-backend] INFO  o.eclipse.m2e.core.internal.Bundles - 	Entry: C:\Users\gyasu\.p2\pool\plugins\org.eclipse.m2e.maven.runtime_3.9.900.20240824-1409\jars\wagon-http-shared-3.5.3.jar
2025-10-17 22:00:32,868 [Worker-33: Launching Executing clean in C__Users_gyasu_Desktop_ex br_tr_hospital-backend] INFO  o.eclipse.m2e.core.internal.Bundles - 	Entry: C:\Users\gyasu\.p2\pool\plugins\org.eclipse.m2e.maven.runtime_3.9.900.20240824-1409\jars\wagon-provider-api-3.5.3.jar
2025-10-17 22:00:32,869 [Worker-33: Launching Executing clean in C__Users_gyasu_Desktop_ex br_tr_hospital-backend] INFO  o.eclipse.m2e.core.internal.Bundles - getClasspathEntries(Bundle=com.google.guava_33.3.1.jre [16])
2025-10-17 22:00:32,869 [Worker-33: Launching Executing clean in C__Users_gyasu_Desktop_ex br_tr_hospital-backend] INFO  o.eclipse.m2e.core.internal.Bundles - 	Entry: C:\Users\gyasu\.p2\pool\plugins\com.google.guava_33.3.1.jre.jar
2025-10-17 22:00:32,869 [Worker-33: Launching Executing clean in C__Users_gyasu_Desktop_ex br_tr_hospital-backend] INFO  o.eclipse.m2e.core.internal.Bundles - getClasspathEntries(Bundle=slf4j.api_2.0.16 [1007])
2025-10-17 22:00:32,869 [Worker-33: Launching Executing clean in C__Users_gyasu_Desktop_ex br_tr_hospital-backend] INFO  o.eclipse.m2e.core.internal.Bundles - 	Entry: C:\Users\gyasu\.p2\pool\plugins\slf4j.api_2.0.16.jar
2025-10-17 22:00:32,869 [Worker-33: Launching Executing clean in C__Users_gyasu_Desktop_ex br_tr_hospital-backend] INFO  o.eclipse.m2e.core.internal.Bundles - getClasspathEntries(Bundle=jakarta.inject.jakarta.inject-api_1.0.5 [34])
2025-10-17 22:00:32,869 [Worker-33: Launching Executing clean in C__Users_gyasu_Desktop_ex br_tr_hospital-backend] INFO  o.eclipse.m2e.core.internal.Bundles - 	Entry: C:\Users\gyasu\.p2\pool\plugins\jakarta.inject.jakarta.inject-api_1.0.5.jar
2025-10-17 22:00:32,869 [Worker-33: Launching Executing clean in C__Users_gyasu_Desktop_ex br_tr_hospital-backend] INFO  o.eclipse.m2e.core.internal.Bundles - getClasspathEntries(Bundle=jakarta.annotation-api_1.3.5 [29])
2025-10-17 22:00:32,870 [Worker-33: Launching Executing clean in C__Users_gyasu_Desktop_ex br_tr_hospital-backend] INFO  o.eclipse.m2e.core.internal.Bundles - 	Entry: C:\Users\gyasu\.p2\pool\plugins\jakarta.annotation-api_1.3.5.jar
2025-10-17 22:00:32,870 [Worker-33: Launching Executing clean in C__Users_gyasu_Desktop_ex br_tr_hospital-backend] INFO  o.eclipse.m2e.core.internal.Bundles - getClasspathEntries(Bundle=org.apache.commons.cli_1.9.0 [75])
2025-10-17 22:00:32,870 [Worker-33: Launching Executing clean in C__Users_gyasu_Desktop_ex br_tr_hospital-backend] INFO  o.eclipse.m2e.core.internal.Bundles - 	Entry: C:\Users\gyasu\.p2\pool\plugins\org.apache.commons.cli_1.9.0.jar
2025-10-17 22:00:32,870 [Worker-33: Launching Executing clean in C__Users_gyasu_Desktop_ex br_tr_hospital-backend] INFO  o.eclipse.m2e.core.internal.Bundles - getClasspathEntries(Bundle=org.apache.commons.commons-codec_1.16.0 [78])
2025-10-17 22:00:32,870 [Worker-33: Launching Executing clean in C__Users_gyasu_Desktop_ex br_tr_hospital-backend] INFO  o.eclipse.m2e.core.internal.Bundles - 	Entry: C:\Users\gyasu\.p2\pool\plugins\org.apache.commons.commons-codec_1.16.0.jar
2025-10-17 22:00:32,870 [Worker-33: Launching Executing clean in C__Users_gyasu_Desktop_ex br_tr_hospital-backend] INFO  o.eclipse.m2e.core.internal.Bundles - getClasspathEntries(Bundle=com.google.guava.failureaccess_1.0.2 [17])
2025-10-17 22:00:32,870 [Worker-33: Launching Executing clean in C__Users_gyasu_Desktop_ex br_tr_hospital-backend] INFO  o.eclipse.m2e.core.internal.Bundles - 	Entry: C:\Users\gyasu\.p2\pool\plugins\com.google.guava.failureaccess_1.0.2.jar
2025-10-17 22:00:32,871 [Worker-33: Launching Executing clean in C__Users_gyasu_Desktop_ex br_tr_hospital-backend] INFO  o.e.m.i.launch.MavenLaunchDelegate - Run build in "C:\Users\gyasu\Desktop\ex br\tr\hospital-backend":
2025-10-17 22:00:32,871 [Worker-33: Launching Executing clean in C__Users_gyasu_Desktop_ex br_tr_hospital-backend] INFO  o.e.m.i.launch.MavenLaunchDelegate -  mvn  -B -Dstyle.color=always clean
2025-10-17 22:00:34,812 [Worker-33: Building] INFO  o.a.m.s.f.DefaultMavenResourcesFiltering - Copying 1 resource from src\main\resources to target\classes
2025-10-17 22:00:34,814 [Worker-33: Building] INFO  o.a.m.s.f.DefaultMavenResourcesFiltering - Copying 0 resource from src\main\resources to target\classes
2025-10-17 22:00:34,816 [Worker-33: Building] INFO  o.a.m.s.f.DefaultMavenResourcesFiltering - skip non existing resourceDirectory C:\Users\gyasu\Desktop\ex br\tr\hospital-backend\src\test\resources
2025-10-17 22:00:34,817 [Worker-33: Building] INFO  o.e.m.w.i.f.ResourceFilteringBuildParticipant - Changed resources require a complete clean of filtered resources of hospital-backend
2025-10-17 22:00:34,817 [Worker-33: Building] INFO  o.e.m.w.i.f.ResourceFilteringBuildParticipant - Executing resource filtering for hospital-backend
2025-10-17 22:00:54,813 [Worker-33: Launching Executing clean in C__Users_gyasu_Desktop_ex br_tr_hospital-backend] INFO  o.eclipse.m2e.core.internal.Bundles - getClasspathEntries(Bundle=org.eclipse.m2e.maven.runtime_3.9.900.20240824-1409 [640])
2025-10-17 22:00:54,813 [Worker-33: Launching Executing clean in C__Users_gyasu_Desktop_ex br_tr_hospital-backend] INFO  o.eclipse.m2e.core.internal.Bundles - 	Entry: C:\Users\gyasu\.p2\pool\plugins\org.eclipse.m2e.maven.runtime_3.9.900.20240824-1409
2025-10-17 22:00:54,813 [Worker-33: Launching Executing clean in C__Users_gyasu_Desktop_ex br_tr_hospital-backend] INFO  o.eclipse.m2e.core.internal.Bundles - 	Entry: C:\Users\gyasu\.p2\pool\plugins\org.eclipse.m2e.maven.runtime_3.9.900.20240824-1409\jars\aopalliance-1.0.jar
2025-10-17 22:00:54,813 [Worker-33: Launching Executing clean in C__Users_gyasu_Desktop_ex br_tr_hospital-backend] INFO  o.eclipse.m2e.core.internal.Bundles - 	Entry: C:\Users\gyasu\.p2\pool\plugins\org.eclipse.m2e.maven.runtime_3.9.900.20240824-1409\jars\guice-5.1.0.jar
2025-10-17 22:00:54,813 [Worker-33: Launching Executing clean in C__Users_gyasu_Desktop_ex br_tr_hospital-backend] INFO  o.eclipse.m2e.core.internal.Bundles - 	Entry: C:\Users\gyasu\.p2\pool\plugins\org.eclipse.m2e.maven.runtime_3.9.900.20240824-1409\jars\httpclient-4.5.14.jar
2025-10-17 22:00:54,813 [Worker-33: Launching Executing clean in C__Users_gyasu_Desktop_ex br_tr_hospital-backend] INFO  o.eclipse.m2e.core.internal.Bundles - 	Entry: C:\Users\gyasu\.p2\pool\plugins\org.eclipse.m2e.maven.runtime_3.9.900.20240824-1409\jars\httpcore-4.4.16.jar
2025-10-17 22:00:54,814 [Worker-33: Launching Executing clean in C__Users_gyasu_Desktop_ex br_tr_hospital-backend] INFO  o.eclipse.m2e.core.internal.Bundles - 	Entry: C:\Users\gyasu\.p2\pool\plugins\org.eclipse.m2e.maven.runtime_3.9.900.20240824-1409\jars\jansi-2.4.1.jar
2025-10-17 22:00:54,814 [Worker-33: Launching Executing clean in C__Users_gyasu_Desktop_ex br_tr_hospital-backend] INFO  o.eclipse.m2e.core.internal.Bundles - 	Entry: C:\Users\gyasu\.p2\pool\plugins\org.eclipse.m2e.maven.runtime_3.9.900.20240824-1409\jars\jcl-over-slf4j-1.7.36.jar
2025-10-17 22:00:54,814 [Worker-33: Launching Executing clean in C__Users_gyasu_Desktop_ex br_tr_hospital-backend] INFO  o.eclipse.m2e.core.internal.Bundles - 	Entry: C:\Users\gyasu\.p2\pool\plugins\org.eclipse.m2e.maven.runtime_3.9.900.20240824-1409\jars\maven-artifact-3.9.9.jar
2025-10-17 22:00:54,814 [Worker-33: Launching Executing clean in C__Users_gyasu_Desktop_ex br_tr_hospital-backend] INFO  o.eclipse.m2e.core.internal.Bundles - 	Entry: C:\Users\gyasu\.p2\pool\plugins\org.eclipse.m2e.maven.runtime_3.9.900.20240824-1409\jars\maven-builder-support-3.9.9.jar
2025-10-17 22:00:54,814 [Worker-33: Launching Executing clean in C__Users_gyasu_Desktop_ex br_tr_hospital-backend] INFO  o.eclipse.m2e.core.internal.Bundles - 	Entry: C:\Users\gyasu\.p2\pool\plugins\org.eclipse.m2e.maven.runtime_3.9.900.20240824-1409\jars\maven-compat-3.9.9.jar
2025-10-17 22:00:54,814 [Worker-33: Launching Executing clean in C__Users_gyasu_Desktop_ex br_tr_hospital-backend] INFO  o.eclipse.m2e.core.internal.Bundles - 	Entry: C:\Users\gyasu\.p2\pool\plugins\org.eclipse.m2e.maven.runtime_3.9.900.20240824-1409\jars\maven-core-3.9.9.jar
2025-10-17 22:00:54,814 [Worker-33: Launching Executing clean in C__Users_gyasu_Desktop_ex br_tr_hospital-backend] INFO  o.eclipse.m2e.core.internal.Bundles - 	Entry: C:\Users\gyasu\.p2\pool\plugins\org.eclipse.m2e.maven.runtime_3.9.900.20240824-1409\jars\maven-embedder-3.9.9.jar
2025-10-17 22:00:54,814 [Worker-33: Launching Executing clean in C__Users_gyasu_Desktop_ex br_tr_hospital-backend] INFO  o.eclipse.m2e.core.internal.Bundles - 	Entry: C:\Users\gyasu\.p2\pool\plugins\org.eclipse.m2e.maven.runtime_3.9.900.20240824-1409\jars\maven-model-3.9.9.jar
2025-10-17 22:00:54,814 [Worker-33: Launching Executing clean in C__Users_gyasu_Desktop_ex br_tr_hospital-backend] INFO  o.eclipse.m2e.core.internal.Bundles - 	Entry: C:\Users\gyasu\.p2\pool\plugins\org.eclipse.m2e.maven.runtime_3.9.900.20240824-1409\jars\maven-model-builder-3.9.9.jar
2025-10-17 22:00:54,814 [Worker-33: Launching Executing clean in C__Users_gyasu_Desktop_ex br_tr_hospital-backend] INFO  o.eclipse.m2e.core.internal.Bundles - 	Entry: C:\Users\gyasu\.p2\pool\plugins\org.eclipse.m2e.maven.runtime_3.9.900.20240824-1409\jars\maven-plugin-api-3.9.9.jar
2025-10-17 22:00:54,815 [Worker-33: Launching Executing clean in C__Users_gyasu_Desktop_ex br_tr_hospital-backend] INFO  o.eclipse.m2e.core.internal.Bundles - 	Entry: C:\Users\gyasu\.p2\pool\plugins\org.eclipse.m2e.maven.runtime_3.9.900.20240824-1409\jars\maven-repository-metadata-3.9.9.jar
2025-10-17 22:00:54,815 [Worker-33: Launching Executing clean in C__Users_gyasu_Desktop_ex br_tr_hospital-backend] INFO  o.eclipse.m2e.core.internal.Bundles - 	Entry: C:\Users\gyasu\.p2\pool\plugins\org.eclipse.m2e.maven.runtime_3.9.900.20240824-1409\jars\maven-resolver-api-1.9.22.jar
2025-10-17 22:00:54,815 [Worker-33: Launching Executing clean in C__Users_gyasu_Desktop_ex br_tr_hospital-backend] INFO  o.eclipse.m2e.core.internal.Bundles - 	Entry: C:\Users\gyasu\.p2\pool\plugins\org.eclipse.m2e.maven.runtime_3.9.900.20240824-1409\jars\maven-resolver-connector-basic-1.9.22.jar
2025-10-17 22:00:54,815 [Worker-33: Launching Executing clean in C__Users_gyasu_Desktop_ex br_tr_hospital-backend] INFO  o.eclipse.m2e.core.internal.Bundles - 	Entry: C:\Users\gyasu\.p2\pool\plugins\org.eclipse.m2e.maven.runtime_3.9.900.20240824-1409\jars\maven-resolver-impl-1.9.22.jar
2025-10-17 22:00:54,815 [Worker-33: Launching Executing clean in C__Users_gyasu_Desktop_ex br_tr_hospital-backend] INFO  o.eclipse.m2e.core.internal.Bundles - 	Entry: C:\Users\gyasu\.p2\pool\plugins\org.eclipse.m2e.maven.runtime_3.9.900.20240824-1409\jars\maven-resolver-named-locks-1.9.22.jar
2025-10-17 22:00:54,815 [Worker-33: Launching Executing clean in C__Users_gyasu_Desktop_ex br_tr_hospital-backend] INFO  o.eclipse.m2e.core.internal.Bundles - 	Entry: C:\Users\gyasu\.p2\pool\plugins\org.eclipse.m2e.maven.runtime_3.9.900.20240824-1409\jars\maven-resolver-provider-3.9.9.jar
2025-10-17 22:00:54,815 [Worker-33: Launching Executing clean in C__Users_gyasu_Desktop_ex br_tr_hospital-backend] INFO  o.eclipse.m2e.core.internal.Bundles - 	Entry: C:\Users\gyasu\.p2\pool\plugins\org.eclipse.m2e.maven.runtime_3.9.900.20240824-1409\jars\maven-resolver-spi-1.9.22.jar
2025-10-17 22:00:54,815 [Worker-33: Launching Executing clean in C__Users_gyasu_Desktop_ex br_tr_hospital-backend] INFO  o.eclipse.m2e.core.internal.Bundles - 	Entry: C:\Users\gyasu\.p2\pool\plugins\org.eclipse.m2e.maven.runtime_3.9.900.20240824-1409\jars\maven-resolver-transport-file-1.9.22.jar
2025-10-17 22:00:54,815 [Worker-33: Launching Executing clean in C__Users_gyasu_Desktop_ex br_tr_hospital-backend] INFO  o.eclipse.m2e.core.internal.Bundles - 	Entry: C:\Users\gyasu\.p2\pool\plugins\org.eclipse.m2e.maven.runtime_3.9.900.20240824-1409\jars\maven-resolver-transport-http-1.9.22.jar
2025-10-17 22:00:54,815 [Worker-33: Launching Executing clean in C__Users_gyasu_Desktop_ex br_tr_hospital-backend] INFO  o.eclipse.m2e.core.internal.Bundles - 	Entry: C:\Users\gyasu\.p2\pool\plugins\org.eclipse.m2e.maven.runtime_3.9.900.20240824-1409\jars\maven-resolver-transport-wagon-1.9.22.jar
2025-10-17 22:00:54,815 [Worker-33: Launching Executing clean in C__Users_gyasu_Desktop_ex br_tr_hospital-backend] INFO  o.eclipse.m2e.core.internal.Bundles - 	Entry: C:\Users\gyasu\.p2\pool\plugins\org.eclipse.m2e.maven.runtime_3.9.900.20240824-1409\jars\maven-resolver-util-1.9.22.jar
2025-10-17 22:00:54,815 [Worker-33: Launching Executing clean in C__Users_gyasu_Desktop_ex br_tr_hospital-backend] INFO  o.eclipse.m2e.core.internal.Bundles - 	Entry: C:\Users\gyasu\.p2\pool\plugins\org.eclipse.m2e.maven.runtime_3.9.900.20240824-1409\jars\maven-settings-3.9.9.jar
2025-10-17 22:00:54,815 [Worker-33: Launching Executing clean in C__Users_gyasu_Desktop_ex br_tr_hospital-backend] INFO  o.eclipse.m2e.core.internal.Bundles - 	Entry: C:\Users\gyasu\.p2\pool\plugins\org.eclipse.m2e.maven.runtime_3.9.900.20240824-1409\jars\maven-settings-builder-3.9.9.jar
2025-10-17 22:00:54,815 [Worker-33: Launching Executing clean in C__Users_gyasu_Desktop_ex br_tr_hospital-backend] INFO  o.eclipse.m2e.core.internal.Bundles - 	Entry: C:\Users\gyasu\.p2\pool\plugins\org.eclipse.m2e.maven.runtime_3.9.900.20240824-1409\jars\maven-shared-utils-3.4.2.jar
2025-10-17 22:00:54,816 [Worker-33: Launching Executing clean in C__Users_gyasu_Desktop_ex br_tr_hospital-backend] INFO  o.eclipse.m2e.core.internal.Bundles - 	Entry: C:\Users\gyasu\.p2\pool\plugins\org.eclipse.m2e.maven.runtime_3.9.900.20240824-1409\jars\org.eclipse.sisu.inject-0.9.0.M3.jar
2025-10-17 22:00:54,816 [Worker-33: Launching Executing clean in C__Users_gyasu_Desktop_ex br_tr_hospital-backend] INFO  o.eclipse.m2e.core.internal.Bundles - 	Entry: C:\Users\gyasu\.p2\pool\plugins\org.eclipse.m2e.maven.runtime_3.9.900.20240824-1409\jars\org.eclipse.sisu.plexus-0.9.0.M3.jar
2025-10-17 22:00:54,816 [Worker-33: Launching Executing clean in C__Users_gyasu_Desktop_ex br_tr_hospital-backend] INFO  o.eclipse.m2e.core.internal.Bundles - 	Entry: C:\Users\gyasu\.p2\pool\plugins\org.eclipse.m2e.maven.runtime_3.9.900.20240824-1409\jars\plexus-build-api-0.0.7.jar
2025-10-17 22:00:54,816 [Worker-33: Launching Executing clean in C__Users_gyasu_Desktop_ex br_tr_hospital-backend] INFO  o.eclipse.m2e.core.internal.Bundles - 	Entry: C:\Users\gyasu\.p2\pool\plugins\org.eclipse.m2e.maven.runtime_3.9.900.20240824-1409\jars\plexus-build-api-1.2.0.jar
2025-10-17 22:00:54,816 [Worker-33: Launching Executing clean in C__Users_gyasu_Desktop_ex br_tr_hospital-backend] INFO  o.eclipse.m2e.core.internal.Bundles - 	Entry: C:\Users\gyasu\.p2\pool\plugins\org.eclipse.m2e.maven.runtime_3.9.900.20240824-1409\jars\plexus-cipher-2.0.jar
2025-10-17 22:00:54,816 [Worker-33: Launching Executing clean in C__Users_gyasu_Desktop_ex br_tr_hospital-backend] INFO  o.eclipse.m2e.core.internal.Bundles - 	Entry: C:\Users\gyasu\.p2\pool\plugins\org.eclipse.m2e.maven.runtime_3.9.900.20240824-1409\jars\plexus-classworlds-2.8.0.jar
2025-10-17 22:00:54,816 [Worker-33: Launching Executing clean in C__Users_gyasu_Desktop_ex br_tr_hospital-backend] INFO  o.eclipse.m2e.core.internal.Bundles - 	Entry: C:\Users\gyasu\.p2\pool\plugins\org.eclipse.m2e.maven.runtime_3.9.900.20240824-1409\jars\plexus-component-annotations-2.1.0.jar
2025-10-17 22:00:54,816 [Worker-33: Launching Executing clean in C__Users_gyasu_Desktop_ex br_tr_hospital-backend] INFO  o.eclipse.m2e.core.internal.Bundles - 	Entry: C:\Users\gyasu\.p2\pool\plugins\org.eclipse.m2e.maven.runtime_3.9.900.20240824-1409\jars\plexus-interpolation-1.27.jar
2025-10-17 22:00:54,816 [Worker-33: Launching Executing clean in C__Users_gyasu_Desktop_ex br_tr_hospital-backend] INFO  o.eclipse.m2e.core.internal.Bundles - 	Entry: C:\Users\gyasu\.p2\pool\plugins\org.eclipse.m2e.maven.runtime_3.9.900.20240824-1409\jars\plexus-sec-dispatcher-2.0.jar
2025-10-17 22:00:54,816 [Worker-33: Launching Executing clean in C__Users_gyasu_Desktop_ex br_tr_hospital-backend] INFO  o.eclipse.m2e.core.internal.Bundles - 	Entry: C:\Users\gyasu\.p2\pool\plugins\org.eclipse.m2e.maven.runtime_3.9.900.20240824-1409\jars\plexus-utils-3.5.1.jar
2025-10-17 22:00:54,816 [Worker-33: Launching Executing clean in C__Users_gyasu_Desktop_ex br_tr_hospital-backend] INFO  o.eclipse.m2e.core.internal.Bundles - 	Entry: C:\Users\gyasu\.p2\pool\plugins\org.eclipse.m2e.maven.runtime_3.9.900.20240824-1409\jars\plexus-xml-3.0.1.jar
2025-10-17 22:00:54,816 [Worker-33: Launching Executing clean in C__Users_gyasu_Desktop_ex br_tr_hospital-backend] INFO  o.eclipse.m2e.core.internal.Bundles - 	Entry: C:\Users\gyasu\.p2\pool\plugins\org.eclipse.m2e.maven.runtime_3.9.900.20240824-1409\jars\wagon-file-3.5.3.jar
2025-10-17 22:00:54,816 [Worker-33: Launching Executing clean in C__Users_gyasu_Desktop_ex br_tr_hospital-backend] INFO  o.eclipse.m2e.core.internal.Bundles - 	Entry: C:\Users\gyasu\.p2\pool\plugins\org.eclipse.m2e.maven.runtime_3.9.900.20240824-1409\jars\wagon-http-3.5.3.jar
2025-10-17 22:00:54,816 [Worker-33: Launching Executing clean in C__Users_gyasu_Desktop_ex br_tr_hospital-backend] INFO  o.eclipse.m2e.core.internal.Bundles - 	Entry: C:\Users\gyasu\.p2\pool\plugins\org.eclipse.m2e.maven.runtime_3.9.900.20240824-1409\jars\wagon-http-shared-3.5.3.jar
2025-10-17 22:00:54,816 [Worker-33: Launching Executing clean in C__Users_gyasu_Desktop_ex br_tr_hospital-backend] INFO  o.eclipse.m2e.core.internal.Bundles - 	Entry: C:\Users\gyasu\.p2\pool\plugins\org.eclipse.m2e.maven.runtime_3.9.900.20240824-1409\jars\wagon-provider-api-3.5.3.jar
2025-10-17 22:00:54,816 [Worker-33: Launching Executing clean in C__Users_gyasu_Desktop_ex br_tr_hospital-backend] INFO  o.eclipse.m2e.core.internal.Bundles - getClasspathEntries(Bundle=com.google.guava_33.3.1.jre [16])
2025-10-17 22:00:54,817 [Worker-33: Launching Executing clean in C__Users_gyasu_Desktop_ex br_tr_hospital-backend] INFO  o.eclipse.m2e.core.internal.Bundles - 	Entry: C:\Users\gyasu\.p2\pool\plugins\com.google.guava_33.3.1.jre.jar
2025-10-17 22:00:54,817 [Worker-33: Launching Executing clean in C__Users_gyasu_Desktop_ex br_tr_hospital-backend] INFO  o.eclipse.m2e.core.internal.Bundles - getClasspathEntries(Bundle=slf4j.api_2.0.16 [1007])
2025-10-17 22:00:54,817 [Worker-33: Launching Executing clean in C__Users_gyasu_Desktop_ex br_tr_hospital-backend] INFO  o.eclipse.m2e.core.internal.Bundles - 	Entry: C:\Users\gyasu\.p2\pool\plugins\slf4j.api_2.0.16.jar
2025-10-17 22:00:54,817 [Worker-33: Launching Executing clean in C__Users_gyasu_Desktop_ex br_tr_hospital-backend] INFO  o.eclipse.m2e.core.internal.Bundles - getClasspathEntries(Bundle=jakarta.inject.jakarta.inject-api_1.0.5 [34])
2025-10-17 22:00:54,817 [Worker-33: Launching Executing clean in C__Users_gyasu_Desktop_ex br_tr_hospital-backend] INFO  o.eclipse.m2e.core.internal.Bundles - 	Entry: C:\Users\gyasu\.p2\pool\plugins\jakarta.inject.jakarta.inject-api_1.0.5.jar
2025-10-17 22:00:54,817 [Worker-33: Launching Executing clean in C__Users_gyasu_Desktop_ex br_tr_hospital-backend] INFO  o.eclipse.m2e.core.internal.Bundles - getClasspathEntries(Bundle=jakarta.annotation-api_1.3.5 [29])
2025-10-17 22:00:54,817 [Worker-33: Launching Executing clean in C__Users_gyasu_Desktop_ex br_tr_hospital-backend] INFO  o.eclipse.m2e.core.internal.Bundles - 	Entry: C:\Users\gyasu\.p2\pool\plugins\jakarta.annotation-api_1.3.5.jar
2025-10-17 22:00:54,817 [Worker-33: Launching Executing clean in C__Users_gyasu_Desktop_ex br_tr_hospital-backend] INFO  o.eclipse.m2e.core.internal.Bundles - getClasspathEntries(Bundle=org.apache.commons.cli_1.9.0 [75])
2025-10-17 22:00:54,818 [Worker-33: Launching Executing clean in C__Users_gyasu_Desktop_ex br_tr_hospital-backend] INFO  o.eclipse.m2e.core.internal.Bundles - 	Entry: C:\Users\gyasu\.p2\pool\plugins\org.apache.commons.cli_1.9.0.jar
2025-10-17 22:00:54,818 [Worker-33: Launching Executing clean in C__Users_gyasu_Desktop_ex br_tr_hospital-backend] INFO  o.eclipse.m2e.core.internal.Bundles - getClasspathEntries(Bundle=org.apache.commons.commons-codec_1.16.0 [78])
2025-10-17 22:00:54,818 [Worker-33: Launching Executing clean in C__Users_gyasu_Desktop_ex br_tr_hospital-backend] INFO  o.eclipse.m2e.core.internal.Bundles - 	Entry: C:\Users\gyasu\.p2\pool\plugins\org.apache.commons.commons-codec_1.16.0.jar
2025-10-17 22:00:54,818 [Worker-33: Launching Executing clean in C__Users_gyasu_Desktop_ex br_tr_hospital-backend] INFO  o.eclipse.m2e.core.internal.Bundles - getClasspathEntries(Bundle=com.google.guava.failureaccess_1.0.2 [17])
2025-10-17 22:00:54,818 [Worker-33: Launching Executing clean in C__Users_gyasu_Desktop_ex br_tr_hospital-backend] INFO  o.eclipse.m2e.core.internal.Bundles - 	Entry: C:\Users\gyasu\.p2\pool\plugins\com.google.guava.failureaccess_1.0.2.jar
2025-10-17 22:00:54,819 [Worker-33: Launching Executing clean in C__Users_gyasu_Desktop_ex br_tr_hospital-backend] INFO  o.e.m.i.launch.MavenLaunchDelegate - Run build in "C:\Users\gyasu\Desktop\ex br\tr\hospital-backend":
2025-10-17 22:00:54,819 [Worker-33: Launching Executing clean in C__Users_gyasu_Desktop_ex br_tr_hospital-backend] INFO  o.e.m.i.launch.MavenLaunchDelegate -  mvn  -B -Dstyle.color=always clean
2025-10-17 22:24:18,677 [Worker-41: Building] INFO  o.a.m.s.f.DefaultMavenResourcesFiltering - Copying 0 resource from src\main\resources to target\classes
2025-10-17 22:24:18,679 [Worker-41: Building] INFO  o.a.m.s.f.DefaultMavenResourcesFiltering - Copying 0 resource from src\main\resources to target\classes
2025-10-17 22:24:18,683 [Worker-41: Building] INFO  o.a.m.s.f.DefaultMavenResourcesFiltering - skip non existing resourceDirectory C:\Users\gyasu\Desktop\ex br\tr\hospital-backend\src\test\resources
2025-10-17 22:24:27,744 [Worker-55: Building] INFO  o.e.m.c.i.l.LifecycleMappingFactory - Using org.maven.ide.eclipse.wtp.WarLifecycleMapping lifecycle mapping for MavenProject: com.klu:hospital:0.0.1-SNAPSHOT @ C:\Users\gyasu\Desktop\ex br\tr\hospital-backend\pom.xml.
2025-10-17 22:24:28,691 [Worker-55: Building] INFO  o.a.m.s.f.DefaultMavenResourcesFiltering - Copying 1 resource from src\main\resources to target\classes
2025-10-17 22:24:28,708 [Worker-55: Building] INFO  o.a.m.s.f.DefaultMavenResourcesFiltering - Copying 0 resource from src\main\resources to target\classes
2025-10-17 22:24:28,714 [Worker-55: Building] INFO  o.a.m.s.f.DefaultMavenResourcesFiltering - skip non existing resourceDirectory C:\Users\gyasu\Desktop\ex br\tr\hospital-backend\src\test\resources
